<?xml version="1.0" encoding="UTF-8"?>
<!-- Generated by org.testng.reporters.JUnitXMLReporter -->
<testsuite ignored="0" hostname="LAPTOP-ST4CJVNU" failures="2" tests="11" name="Test" time="0.111" errors="0" timestamp="2022-08-07T12:46:21 IST">
  <testcase classname="TestNGPractice._9991_Listener" name="failedMethod" time="0.016">
    <skipped/>
  </testcase> <!-- failedMethod -->
  <testcase classname="TestNGPractice._9991_Listener" name="failedMethod" time="0.001">
    <skipped/>
  </testcase> <!-- failedMethod -->
  <testcase classname="TestNGPractice._9991_Listener" name="failedMethod" time="0.002">
    <skipped/>
  </testcase> <!-- failedMethod -->
  <testcase classname="TestNGPractice._9991_Listener" name="failedMethod" time="0.001">
    <skipped/>
  </testcase> <!-- failedMethod -->
  <testcase classname="TestNGPractice._9991_Listener" name="failedMethod" time="0.001">
    <failure type="java.lang.AssertionError" message="expected [true] but found [false]">
      <![CDATA[java.lang.AssertionError: expected [true] but found [false]
at TestNGPractice._9991_Listener.failedMethod(_9991_Listener.java:27)
at java.base/java.util.ArrayList.forEach(ArrayList.java:1511)
... Removed 29 stack frames]]>
    </failure>
  </testcase> <!-- failedMethod -->
  <testcase classname="TestNGPractice._9991_Listener" name="method1" time="0.001"/>
  <testcase classname="TestNGPractice._9991_Listener" name="method2" time="0.003">
    <skipped/>
  </testcase> <!-- method2 -->
  <testcase classname="TestNGPractice._9991_Listener" name="method2" time="0.001">
    <skipped/>
  </testcase> <!-- method2 -->
  <testcase classname="TestNGPractice._9991_Listener" name="method2" time="0.002">
    <skipped/>
  </testcase> <!-- method2 -->
  <testcase classname="TestNGPractice._9991_Listener" name="method2" time="0.001">
    <skipped/>
  </testcase> <!-- method2 -->
  <testcase classname="TestNGPractice._9991_Listener" name="method2" time="0.001">
    <failure type="java.lang.AssertionError" message="expected [11] but found [10]">
      <![CDATA[java.lang.AssertionError: expected [11] but found [10]
at TestNGPractice._9991_Listener.method2(_9991_Listener.java:21)
at java.base/java.util.ArrayList.forEach(ArrayList.java:1511)
... Removed 31 stack frames]]>
    </failure>
  </testcase> <!-- method2 -->
</testsuite> <!-- Test -->
